<?xml version="1.0" encoding="UTF-8"?>
<!-- Generated by org.testng.reporters.JUnitXMLReporter -->
<testsuite hostname="DESKTOP-M8ARC8E" ignored="1" name="Test1" tests="2" failures="0" timestamp="2020-06-11T15:39:09 IST" time="25.914" errors="0">
  <testcase name="googleSearch" time="9.121" classname="test.TestNGDemo"/>
  <testcase name="googleSearch2" time="9.383" classname="test.TestNGDemo2"/>
  <testcase name="googleSearch" time="0.0" classname="test.TestNGDemo2">
    <ignored/>
  </testcase> <!-- googleSearch -->
</testsuite> <!-- Test1 -->
